TN:
SF:/FILES_DIR/concretizer/Incorrect_Initialization_2_T_Loop0_TestCase8.c
FN:21,main
#FN:49
FN:7,matroska_deliver_packet
#FN:13
FN:15,res_return
#FN:20
FNDA:1,main
FNDA:102,matroska_deliver_packet
FNDA:101,res_return
DA:25,409
DA:26,306
DA:27,407
DA:28,609
DA:29,306
DA:30,407
DA:31,407
DA:32,407
DA:33,306
DA:34,306
DA:35,306
DA:36,306
DA:37,306
DA:38,306
DA:39,306
DA:40,407
DA:41,508
DA:42,407
DA:43,306
DA:44,306
DA:45,407
DA:46,307
DA:47,306
DA:9,102
DA:10,1
DA:12,101
DA:17,303
DA:18,302
DA:19,1
DA:23,1
DA:24,1
DA:48,1
DA:14,1
end_of_record
