TN:
SF:/FILES_DIR/concretizer/Incorrect_Initialization_2_T_Loop29_TestCase7.c
FN:29,main
#FN:67
FN:5,matroska_deliver_packet_slice_1
#FN:10
FN:13,res_return_slice_1
#FN:27
FNDA:1,main
FNDA:102,matroska_deliver_packet_slice_1
FNDA:101,res_return_slice_1
DA:35,204
DA:7,102
DA:8,204
DA:9,102
DA:59,303
DA:45,0
DA:53,0
DA:15,101
DA:16,101
DA:17,101
DA:18,303
DA:19,101
DA:25,1
DA:20,100
DA:21,100
DA:22,100
DA:23,100
DA:26,102
DA:31,1
DA:32,1
DA:33,1
DA:34,103
DA:66,1
DA:36,103
DA:37,101
DA:38,303
DA:39,101
DA:64,102
DA:40,101
DA:43,101
DA:46,0
DA:48,0
DA:51,0
DA:54,0
DA:55,0
DA:58,0
DA:12,1
end_of_record
