TN:
SF:/FILES_DIR/concretizer/Incorrect_Initialization_2_NT_Loop0_TestCase5.c
FN:24,main
#FN:51
FN:10,matroska_deliver_packet
#FN:16
FN:18,res_return
#FN:23
FNDA:1,main
FNDA:2,matroska_deliver_packet
FNDA:101,res_return
DA:28,9
DA:29,6
DA:30,60
DA:31,6
DA:32,57
DA:33,57
DA:34,57
DA:35,261
DA:36,211
DA:37,256
DA:38,206
DA:39,56
DA:40,6
DA:41,6
DA:42,6
DA:43,6
DA:44,6
DA:45,6
DA:46,6
DA:47,7
DA:48,6
DA:49,6
DA:12,2
DA:13,0
DA:15,2
DA:20,303
DA:21,302
DA:22,1
DA:26,1
DA:27,1
DA:50,0
DA:17,1
end_of_record
