TN:
SF:/FILES_DIR/concretizer/Incorrect_Initialization_2_T_Loop26_TestCase1.c
FN:29,main
#FN:67
FN:5,matroska_deliver_packet_slice_1
#FN:10
FN:13,res_return_slice_1
#FN:27
FNDA:1,main
FNDA:1,matroska_deliver_packet_slice_1
DA:35,2
DA:7,1
DA:8,2
DA:9,1
DA:59,0
DA:45,0
DA:53,0
DA:15,0
DA:16,0
DA:17,0
DA:18,0
DA:19,0
DA:25,0
DA:20,0
DA:21,0
DA:22,0
DA:23,0
DA:26,0
DA:31,1
DA:32,1
DA:33,1
DA:34,2
DA:66,1
DA:36,2
DA:37,0
DA:38,0
DA:39,0
DA:64,0
DA:40,0
DA:43,0
DA:46,0
DA:48,0
DA:51,0
DA:54,0
DA:55,0
DA:58,0
DA:12,1
end_of_record
