TN:
SF:/FILES_DIR/concretizer/Incorrect_Initialization_2_NT_Loop31_TestCase5.c
FN:29,main
#FN:66
FN:5,matroska_deliver_packet_slice_1
#FN:10
FN:13,res_return_slice_1
#FN:27
FNDA:1,main
FNDA:2,matroska_deliver_packet_slice_1
FNDA:101,res_return_slice_1
DA:35,4
DA:7,2
DA:8,4
DA:9,2
DA:58,0
DA:44,102
DA:52,100
DA:15,101
DA:16,101
DA:17,101
DA:18,303
DA:19,101
DA:25,1
DA:20,100
DA:21,100
DA:22,100
DA:23,100
DA:26,102
DA:31,1
DA:32,1
DA:33,1
DA:34,3
DA:65,0
DA:36,2
DA:37,54
DA:38,51
DA:63,1
DA:39,51
DA:42,51
DA:45,51
DA:47,51
DA:50,1
DA:53,50
DA:54,50
DA:57,50
DA:12,1
end_of_record
