TN:
SF:/FILES_DIR/concretizer/Incorrect_Initialization_2_NT_Loop29_TestCase0.c
FN:29,main
#FN:66
FN:5,matroska_deliver_packet_slice_1
#FN:10
FN:13,res_return_slice_1
#FN:27
FNDA:1,main
FNDA:2,matroska_deliver_packet_slice_1
FNDA:1,res_return_slice_1
DA:35,4
DA:7,2
DA:8,6
DA:9,2
DA:58,6
DA:44,0
DA:52,0
DA:15,1
DA:16,1
DA:17,1
DA:18,3
DA:19,1
DA:25,0
DA:20,1
DA:21,1
DA:22,1
DA:23,1
DA:26,1
DA:31,1
DA:32,2
DA:33,1
DA:34,3
DA:65,0
DA:36,2
DA:37,5
DA:38,2
DA:63,2
DA:39,1
DA:42,2
DA:45,0
DA:47,0
DA:50,0
DA:53,0
DA:54,0
DA:57,0
DA:12,1
end_of_record
